Release 14.7 - xst P.20131013 (nt64)
Copyright (c) 1995-2013 Xilinx, Inc.  All rights reserved.
--> Parameter TMPDIR set to xst/projnav.tmp


Total REAL time to Xst completion: 0.00 secs
Total CPU time to Xst completion: 0.06 secs
 
--> Parameter xsthdpdir set to xst


Total REAL time to Xst completion: 0.00 secs
Total CPU time to Xst completion: 0.06 secs
 
--> Reading design: Switches_LEDs.prj

TABLE OF CONTENTS
  1) Synthesis Options Summary
  2) HDL Parsing
  3) HDL Elaboration
  4) HDL Synthesis
       4.1) HDL Synthesis Report
  5) Advanced HDL Synthesis
       5.1) Advanced HDL Synthesis Report
  6) Low Level Synthesis
  7) Partition Report
  8) Design Summary
       8.1) Primitive and Black Box Usage
       8.2) Device utilization summary
       8.3) Partition Resource Summary
       8.4) Timing Report
            8.4.1) Clock Information
            8.4.2) Asynchronous Control Signals Information
            8.4.3) Timing Summary
            8.4.4) Timing Details
            8.4.5) Cross Clock Domains Report


=========================================================================
*                      Synthesis Options Summary                        *
=========================================================================
---- Source Parameters
Input File Name                    : "Switches_LEDs.prj"
Ignore Synthesis Constraint File   : NO

---- Target Parameters
Output File Name                   : "Switches_LEDs"
Output Format                      : NGC
Target Device                      : xc6slx9-2-tqg144

---- Source Options
Top Module Name                    : Switches_LEDs
Automatic FSM Extraction           : YES
FSM Encoding Algorithm             : Auto
Safe Implementation                : No
FSM Style                          : LUT
RAM Extraction                     : Yes
RAM Style                          : Auto
ROM Extraction                     : Yes
Shift Register Extraction          : YES
ROM Style                          : Auto
Resource Sharing                   : YES
Asynchronous To Synchronous        : NO
Shift Register Minimum Size        : 2
Use DSP Block                      : Auto
Automatic Register Balancing       : No

---- Target Options
LUT Combining                      : Auto
Reduce Control Sets                : Auto
Add IO Buffers                     : YES
Global Maximum Fanout              : 100000
Add Generic Clock Buffer(BUFG)     : 16
Register Duplication               : YES
Optimize Instantiated Primitives   : NO
Use Clock Enable                   : Auto
Use Synchronous Set                : Auto
Use Synchronous Reset              : Auto
Pack IO Registers into IOBs        : Auto
Equivalent register Removal        : YES

---- General Options
Optimization Goal                  : Speed
Optimization Effort                : 1
Power Reduction                    : NO
Keep Hierarchy                     : No
Netlist Hierarchy                  : As_Optimized
RTL Output                         : Yes
Global Optimization                : AllClockNets
Read Cores                         : YES
Write Timing Constraints           : NO
Cross Clock Analysis               : NO
Hierarchy Separator                : /
Bus Delimiter                      : <>
Case Specifier                     : Maintain
Slice Utilization Ratio            : 100
BRAM Utilization Ratio             : 100
DSP48 Utilization Ratio            : 100
Auto BRAM Packing                  : NO
Slice Utilization Ratio Delta      : 5

=========================================================================


=========================================================================
*                          HDL Parsing                                  *
=========================================================================
Parsing VHDL file "C:\Users\adam\Documents\projects\VHDLFun\HowFast\SwitchLEDs.vhd" into library work
Parsing entity <Switches_LEDs>.
Parsing architecture <Behavioral> of entity <switches_leds>.

=========================================================================
*                            HDL Elaboration                            *
=========================================================================

Elaborating entity <Switches_LEDs> (architecture <Behavioral>) from library <work>.

=========================================================================
*                           HDL Synthesis                               *
=========================================================================

Synthesizing Unit <Switches_LEDs>.
    Related source file is "C:\Users\adam\Documents\projects\VHDLFun\HowFast\SwitchLEDs.vhd".
WARNING:Xst:647 - Input <switches> is never used. This port will be preserved and left unconnected if it belongs to a top-level block or it belongs to a sub-block and the hierarchy of this sub-block is preserved.
    Found 1-bit register for signal <incHighNext>.
    Found 30-bit register for signal <counter>.
    Found 15-bit adder for signal <counter[29]_GND_5_o_add_1_OUT> created at line 21.
    Found 15-bit adder for signal <counter[14]_GND_5_o_add_3_OUT> created at line 27.
    Summary:
	inferred   2 Adder/Subtractor(s).
	inferred  31 D-type flip-flop(s).
Unit <Switches_LEDs> synthesized.

=========================================================================
HDL Synthesis Report

Macro Statistics
# Adders/Subtractors                                   : 2
 15-bit adder                                          : 2
# Registers                                            : 2
 1-bit register                                        : 1
 30-bit register                                       : 1

=========================================================================

=========================================================================
*                       Advanced HDL Synthesis                          *
=========================================================================


=========================================================================
Advanced HDL Synthesis Report

Macro Statistics
# Adders/Subtractors                                   : 2
 15-bit adder                                          : 2
# Registers                                            : 31
 Flip-Flops                                            : 31

=========================================================================

=========================================================================
*                         Low Level Synthesis                           *
=========================================================================

Optimizing unit <Switches_LEDs> ...

Mapping all equations...
Building and optimizing final netlist ...
Found area constraint ratio of 100 (+ 5) on block Switches_LEDs, actual ratio is 0.

Final Macro Processing ...

=========================================================================
Final Register Report

Macro Statistics
# Registers                                            : 31
 Flip-Flops                                            : 31

=========================================================================

=========================================================================
*                           Partition Report                            *
=========================================================================

Partition Implementation Status
-------------------------------

  No Partitions were found in this design.

-------------------------------

=========================================================================
*                            Design Summary                             *
=========================================================================

Top Level Output File Name         : Switches_LEDs.ngc

Primitive and Black Box Usage:
------------------------------
# BELS                             : 93
#      GND                         : 1
#      INV                         : 1
#      LUT1                        : 28
#      LUT2                        : 1
#      LUT5                        : 1
#      LUT6                        : 2
#      MUXCY                       : 28
#      VCC                         : 1
#      XORCY                       : 30
# FlipFlops/Latches                : 31
#      FD                          : 31
# Clock Buffers                    : 1
#      BUFGP                       : 1
# IO Buffers                       : 8
#      OBUF                        : 8

Device utilization summary:
---------------------------

Selected Device : 6slx9tqg144-2 


Slice Logic Utilization: 
 Number of Slice Registers:              31  out of  11440     0%  
 Number of Slice LUTs:                   33  out of   5720     0%  
    Number used as Logic:                33  out of   5720     0%  

Slice Logic Distribution: 
 Number of LUT Flip Flop pairs used:     33
   Number with an unused Flip Flop:       2  out of     33     6%  
   Number with an unused LUT:             0  out of     33     0%  
   Number of fully used LUT-FF pairs:    31  out of     33    93%  
   Number of unique control sets:         1

IO Utilization: 
 Number of IOs:                          17
 Number of bonded IOBs:                   9  out of    102     8%  

Specific Feature Utilization:
 Number of BUFG/BUFGCTRLs:                1  out of     16     6%  

---------------------------
Partition Resource Summary:
---------------------------

  No Partitions were found in this design.

---------------------------


=========================================================================
Timing Report

NOTE: THESE TIMING NUMBERS ARE ONLY A SYNTHESIS ESTIMATE.
      FOR ACCURATE TIMING INFORMATION PLEASE REFER TO THE TRACE REPORT
      GENERATED AFTER PLACE-and-ROUTE.

Clock Information:
------------------
-----------------------------------+------------------------+-------+
Clock Signal                       | Clock buffer(FF name)  | Load  |
-----------------------------------+------------------------+-------+
clk                                | BUFGP                  | 31    |
-----------------------------------+------------------------+-------+

Asynchronous Control Signals Information:
----------------------------------------
No asynchronous control signals found in this design

Timing Summary:
---------------
Speed Grade: -2

   Minimum period: 3.074ns (Maximum Frequency: 325.309MHz)
   Minimum input arrival time before clock: No path found
   Maximum output required time after clock: 4.162ns
   Maximum combinational path delay: No path found

Timing Details:
---------------
All values displayed in nanoseconds (ns)

=========================================================================
Timing constraint: Default period analysis for Clock 'clk'
  Clock period: 3.074ns (frequency: 325.309MHz)
  Total number of paths / destination ports: 284 / 31
-------------------------------------------------------------------------
Delay:               3.074ns (Levels of Logic = 2)
  Source:            counter_10 (FF)
  Destination:       incHighNext (FF)
  Source Clock:      clk rising
  Destination Clock: clk rising

  Data Path: counter_10 to incHighNext
                                Gate     Net
    Cell:in->out      fanout   Delay   Delay  Logical Name (Net Name)
    ----------------------------------------  ------------
     FD:C->Q               2   0.525   1.181  counter_10 (counter_10)
     LUT6:I0->O            1   0.254   0.790  counter[14]_PWR_5_o_equal_3_o<14>1 (counter[14]_PWR_5_o_equal_3_o<14>)
     LUT5:I3->O            1   0.250   0.000  counter[14]_PWR_5_o_equal_3_o<14>3 (counter[14]_PWR_5_o_equal_3_o)
     FD:D                      0.074          incHighNext
    ----------------------------------------
    Total                      3.074ns (1.103ns logic, 1.971ns route)
                                       (35.9% logic, 64.1% route)

=========================================================================
Timing constraint: Default OFFSET OUT AFTER for Clock 'clk'
  Total number of paths / destination ports: 8 / 8
-------------------------------------------------------------------------
Offset:              4.162ns (Levels of Logic = 1)
  Source:            counter_29 (FF)
  Destination:       LEDs<7> (PAD)
  Source Clock:      clk rising

  Data Path: counter_29 to LEDs<7>
                                Gate     Net
    Cell:in->out      fanout   Delay   Delay  Logical Name (Net Name)
    ----------------------------------------  ------------
     FD:C->Q               2   0.525   0.725  counter_29 (counter_29)
     OBUF:I->O                 2.912          LEDs_7_OBUF (LEDs<7>)
    ----------------------------------------
    Total                      4.162ns (3.437ns logic, 0.725ns route)
                                       (82.6% logic, 17.4% route)

=========================================================================

Cross Clock Domains Report:
--------------------------

Clock to Setup on destination clock clk
---------------+---------+---------+---------+---------+
               | Src:Rise| Src:Fall| Src:Rise| Src:Fall|
Source Clock   |Dest:Rise|Dest:Rise|Dest:Fall|Dest:Fall|
---------------+---------+---------+---------+---------+
clk            |    3.074|         |         |         |
---------------+---------+---------+---------+---------+

=========================================================================


Total REAL time to Xst completion: 4.00 secs
Total CPU time to Xst completion: 4.35 secs
 
--> 

Total memory usage is 219448 kilobytes

Number of errors   :    0 (   0 filtered)
Number of warnings :    1 (   0 filtered)
Number of infos    :    0 (   0 filtered)

